<?xml version="1.0" encoding="UTF-8"?>
<!-- Generated by org.testng.reporters.JUnitReportReporter -->
<testsuite hostname="User-PC" name="com.Walkthrough.Concepts.GetExcelData" tests="1" failures="0" timestamp="3 Mar 2019 17:21:39 GMT" time="1.748" errors="0">
  <testcase name="testcase" time="1.748" classname="com.Walkthrough.Concepts.GetExcelData"/>
</testsuite> <!-- com.Walkthrough.Concepts.GetExcelData -->
