<?xml version="1.0" encoding="UTF-8"?>
<!-- Generated by org.testng.reporters.JUnitReportReporter -->
<testsuite hostname="User-PC" name="Com.Guru99.Test.TC1_LoginTest" tests="1" failures="0" timestamp="20 Mar 2019 16:24:13 GMT" time="4.942" errors="0">
  <testcase name="loginCheck" time="4.942" classname="Com.Guru99.Test.TC1_LoginTest"/>
</testsuite> <!-- Com.Guru99.Test.TC1_LoginTest -->
